[0.471s] DEBUG:colcon:Command line arguments: ['/usr/bin/colcon', 'build', '--packages-select', 'dump_truck_controller']
[0.471s] DEBUG:colcon:Parsed command line arguments: Namespace(log_base=None, log_level=None, verb_name='build', build_base='build', install_base='install', merge_install=False, symlink_install=False, test_result_base=None, continue_on_error=False, executor='parallel', parallel_workers=4, event_handlers=None, ignore_user_meta=False, metas=['./colcon.meta'], base_paths=['.'], packages_ignore=None, packages_ignore_regex=None, paths=None, packages_up_to=None, packages_up_to_regex=None, packages_above=None, packages_above_and_dependencies=None, packages_above_depth=None, packages_select_by_dep=None, packages_skip_by_dep=None, packages_skip_up_to=None, packages_select_build_failed=False, packages_skip_build_finished=False, packages_select_test_failures=False, packages_skip_test_passed=False, packages_select=['dump_truck_controller'], packages_skip=None, packages_select_regex=None, packages_skip_regex=None, packages_start=None, packages_end=None, allow_overriding=[], cmake_args=None, cmake_target=None, cmake_target_skip_unavailable=False, cmake_clean_cache=False, cmake_clean_first=False, cmake_force_configure=False, ament_cmake_args=None, catkin_cmake_args=None, catkin_skip_building_tests=False, mixin_files=None, mixin=None, verb_parser=<colcon_mixin.mixin.mixin_argument.MixinArgumentDecorator object at 0xffffb9a55bd0>, verb_extension=<colcon_core.verb.build.BuildVerb object at 0xffffb9bfeb60>, main=<bound method BuildVerb.main of <colcon_core.verb.build.BuildVerb object at 0xffffb9bfeb60>>, mixin_verb=('build',))
[1.291s] Level 1:colcon.colcon_core.package_discovery:discover_packages(colcon_meta) check parameters
[1.291s] Level 1:colcon.colcon_core.package_discovery:discover_packages(recursive) check parameters
[1.291s] Level 1:colcon.colcon_core.package_discovery:discover_packages(ignore) check parameters
[1.292s] Level 1:colcon.colcon_core.package_discovery:discover_packages(path) check parameters
[1.292s] Level 1:colcon.colcon_core.package_discovery:discover_packages(colcon_meta) discover
[1.292s] Level 1:colcon.colcon_core.package_discovery:discover_packages(recursive) discover
[1.292s] INFO:colcon.colcon_core.package_discovery:Crawling recursively for packages in '/home/etruck/etruck/ws'
[1.293s] Level 1:colcon.colcon_core.package_identification:_identify(.) by extensions ['ignore', 'ignore_ament_install']
[1.293s] Level 1:colcon.colcon_core.package_identification:_identify(.) by extension 'ignore'
[1.293s] Level 1:colcon.colcon_core.package_identification:_identify(.) by extension 'ignore_ament_install'
[1.294s] Level 1:colcon.colcon_core.package_identification:_identify(.) by extensions ['colcon_pkg']
[1.294s] Level 1:colcon.colcon_core.package_identification:_identify(.) by extension 'colcon_pkg'
[1.294s] Level 1:colcon.colcon_core.package_identification:_identify(.) by extensions ['colcon_meta']
[1.294s] Level 1:colcon.colcon_core.package_identification:_identify(.) by extension 'colcon_meta'
[1.295s] Level 1:colcon.colcon_core.package_identification:_identify(.) by extensions ['ros']
[1.295s] Level 1:colcon.colcon_core.package_identification:_identify(.) by extension 'ros'
[1.338s] Level 1:colcon.colcon_core.package_identification:_identify(.) by extensions ['cmake', 'python']
[1.339s] Level 1:colcon.colcon_core.package_identification:_identify(.) by extension 'cmake'
[1.339s] Level 1:colcon.colcon_core.package_identification:_identify(.) by extension 'python'
[1.339s] Level 1:colcon.colcon_core.package_identification:_identify(.) by extensions ['python_setup_py']
[1.339s] Level 1:colcon.colcon_core.package_identification:_identify(.) by extension 'python_setup_py'
[1.340s] Level 1:colcon.colcon_core.package_identification:_identify(arduino) by extensions ['ignore', 'ignore_ament_install']
[1.340s] Level 1:colcon.colcon_core.package_identification:_identify(arduino) by extension 'ignore'
[1.340s] Level 1:colcon.colcon_core.package_identification:_identify(arduino) by extension 'ignore_ament_install'
[1.341s] Level 1:colcon.colcon_core.package_identification:_identify(arduino) by extensions ['colcon_pkg']
[1.341s] Level 1:colcon.colcon_core.package_identification:_identify(arduino) by extension 'colcon_pkg'
[1.341s] Level 1:colcon.colcon_core.package_identification:_identify(arduino) by extensions ['colcon_meta']
[1.341s] Level 1:colcon.colcon_core.package_identification:_identify(arduino) by extension 'colcon_meta'
[1.341s] Level 1:colcon.colcon_core.package_identification:_identify(arduino) by extensions ['ros']
[1.341s] Level 1:colcon.colcon_core.package_identification:_identify(arduino) by extension 'ros'
[1.342s] Level 1:colcon.colcon_core.package_identification:_identify(arduino) by extensions ['cmake', 'python']
[1.342s] Level 1:colcon.colcon_core.package_identification:_identify(arduino) by extension 'cmake'
[1.342s] Level 1:colcon.colcon_core.package_identification:_identify(arduino) by extension 'python'
[1.342s] Level 1:colcon.colcon_core.package_identification:_identify(arduino) by extensions ['python_setup_py']
[1.342s] Level 1:colcon.colcon_core.package_identification:_identify(arduino) by extension 'python_setup_py'
[1.343s] Level 1:colcon.colcon_core.package_identification:_identify(arduino/arduino) by extensions ['ignore', 'ignore_ament_install']
[1.343s] Level 1:colcon.colcon_core.package_identification:_identify(arduino/arduino) by extension 'ignore'
[1.343s] Level 1:colcon.colcon_core.package_identification:_identify(arduino/arduino) by extension 'ignore_ament_install'
[1.344s] Level 1:colcon.colcon_core.package_identification:_identify(arduino/arduino) by extensions ['colcon_pkg']
[1.344s] Level 1:colcon.colcon_core.package_identification:_identify(arduino/arduino) by extension 'colcon_pkg'
[1.344s] Level 1:colcon.colcon_core.package_identification:_identify(arduino/arduino) by extensions ['colcon_meta']
[1.344s] Level 1:colcon.colcon_core.package_identification:_identify(arduino/arduino) by extension 'colcon_meta'
[1.344s] Level 1:colcon.colcon_core.package_identification:_identify(arduino/arduino) by extensions ['ros']
[1.344s] Level 1:colcon.colcon_core.package_identification:_identify(arduino/arduino) by extension 'ros'
[1.345s] Level 1:colcon.colcon_core.package_identification:_identify(arduino/arduino) by extensions ['cmake', 'python']
[1.345s] Level 1:colcon.colcon_core.package_identification:_identify(arduino/arduino) by extension 'cmake'
[1.345s] Level 1:colcon.colcon_core.package_identification:_identify(arduino/arduino) by extension 'python'
[1.345s] Level 1:colcon.colcon_core.package_identification:_identify(arduino/arduino) by extensions ['python_setup_py']
[1.345s] Level 1:colcon.colcon_core.package_identification:_identify(arduino/arduino) by extension 'python_setup_py'
[1.346s] Level 1:colcon.colcon_core.package_identification:_identify(build) by extensions ['ignore', 'ignore_ament_install']
[1.346s] Level 1:colcon.colcon_core.package_identification:_identify(build) by extension 'ignore'
[1.346s] Level 1:colcon.colcon_core.package_identification:_identify(build) ignored
[1.347s] Level 1:colcon.colcon_core.package_identification:_identify(install) by extensions ['ignore', 'ignore_ament_install']
[1.347s] Level 1:colcon.colcon_core.package_identification:_identify(install) by extension 'ignore'
[1.347s] Level 1:colcon.colcon_core.package_identification:_identify(install) ignored
[1.348s] Level 1:colcon.colcon_core.package_identification:_identify(log) by extensions ['ignore', 'ignore_ament_install']
[1.348s] Level 1:colcon.colcon_core.package_identification:_identify(log) by extension 'ignore'
[1.348s] Level 1:colcon.colcon_core.package_identification:_identify(log) ignored
[1.349s] Level 1:colcon.colcon_core.package_identification:_identify(src) by extensions ['ignore', 'ignore_ament_install']
[1.349s] Level 1:colcon.colcon_core.package_identification:_identify(src) by extension 'ignore'
[1.349s] Level 1:colcon.colcon_core.package_identification:_identify(src) by extension 'ignore_ament_install'
[1.349s] Level 1:colcon.colcon_core.package_identification:_identify(src) by extensions ['colcon_pkg']
[1.350s] Level 1:colcon.colcon_core.package_identification:_identify(src) by extension 'colcon_pkg'
[1.350s] Level 1:colcon.colcon_core.package_identification:_identify(src) by extensions ['colcon_meta']
[1.350s] Level 1:colcon.colcon_core.package_identification:_identify(src) by extension 'colcon_meta'
[1.350s] Level 1:colcon.colcon_core.package_identification:_identify(src) by extensions ['ros']
[1.350s] Level 1:colcon.colcon_core.package_identification:_identify(src) by extension 'ros'
[1.350s] Level 1:colcon.colcon_core.package_identification:_identify(src) by extensions ['cmake', 'python']
[1.351s] Level 1:colcon.colcon_core.package_identification:_identify(src) by extension 'cmake'
[1.351s] Level 1:colcon.colcon_core.package_identification:_identify(src) by extension 'python'
[1.351s] Level 1:colcon.colcon_core.package_identification:_identify(src) by extensions ['python_setup_py']
[1.351s] Level 1:colcon.colcon_core.package_identification:_identify(src) by extension 'python_setup_py'
[1.352s] Level 1:colcon.colcon_core.package_identification:_identify(src/dump_truck_controller) by extensions ['ignore', 'ignore_ament_install']
[1.352s] Level 1:colcon.colcon_core.package_identification:_identify(src/dump_truck_controller) by extension 'ignore'
[1.352s] Level 1:colcon.colcon_core.package_identification:_identify(src/dump_truck_controller) by extension 'ignore_ament_install'
[1.352s] Level 1:colcon.colcon_core.package_identification:_identify(src/dump_truck_controller) by extensions ['colcon_pkg']
[1.353s] Level 1:colcon.colcon_core.package_identification:_identify(src/dump_truck_controller) by extension 'colcon_pkg'
[1.353s] Level 1:colcon.colcon_core.package_identification:_identify(src/dump_truck_controller) by extensions ['colcon_meta']
[1.353s] Level 1:colcon.colcon_core.package_identification:_identify(src/dump_truck_controller) by extension 'colcon_meta'
[1.353s] Level 1:colcon.colcon_core.package_identification:_identify(src/dump_truck_controller) by extensions ['ros']
[1.353s] Level 1:colcon.colcon_core.package_identification:_identify(src/dump_truck_controller) by extension 'ros'
[1.363s] DEBUG:colcon.colcon_core.package_identification:Package 'src/dump_truck_controller' with type 'ros.ament_python' and name 'dump_truck_controller'
[1.364s] Level 1:colcon.colcon_core.package_identification:_identify(src/subscriber) by extensions ['ignore', 'ignore_ament_install']
[1.364s] Level 1:colcon.colcon_core.package_identification:_identify(src/subscriber) by extension 'ignore'
[1.365s] Level 1:colcon.colcon_core.package_identification:_identify(src/subscriber) by extension 'ignore_ament_install'
[1.365s] Level 1:colcon.colcon_core.package_identification:_identify(src/subscriber) by extensions ['colcon_pkg']
[1.365s] Level 1:colcon.colcon_core.package_identification:_identify(src/subscriber) by extension 'colcon_pkg'
[1.365s] Level 1:colcon.colcon_core.package_identification:_identify(src/subscriber) by extensions ['colcon_meta']
[1.365s] Level 1:colcon.colcon_core.package_identification:_identify(src/subscriber) by extension 'colcon_meta'
[1.365s] Level 1:colcon.colcon_core.package_identification:_identify(src/subscriber) by extensions ['ros']
[1.365s] Level 1:colcon.colcon_core.package_identification:_identify(src/subscriber) by extension 'ros'
[1.368s] DEBUG:colcon.colcon_core.package_identification:Package 'src/subscriber' with type 'ros.ament_python' and name 'etruck'
[1.368s] Level 1:colcon.colcon_core.package_discovery:discover_packages(recursive) using defaults
[1.368s] Level 1:colcon.colcon_core.package_discovery:discover_packages(ignore) discover
[1.368s] Level 1:colcon.colcon_core.package_discovery:discover_packages(ignore) using defaults
[1.368s] Level 1:colcon.colcon_core.package_discovery:discover_packages(path) discover
[1.368s] Level 1:colcon.colcon_core.package_discovery:discover_packages(path) using defaults
[1.483s] INFO:colcon.colcon_core.package_selection:Skipping not selected package 'etruck' in 'src/subscriber'
[1.485s] Level 1:colcon.colcon_core.package_discovery:discover_packages(prefix_path) check parameters
[1.485s] Level 1:colcon.colcon_core.package_discovery:discover_packages(prefix_path) discover
[1.494s] DEBUG:colcon.colcon_installed_package_information.package_discovery:Found 2 installed packages in /home/etruck/etruck/ws/install
[1.503s] DEBUG:colcon.colcon_installed_package_information.package_discovery:Found 272 installed packages in /opt/ros/humble
[1.509s] Level 1:colcon.colcon_core.package_discovery:discover_packages(prefix_path) using defaults
[1.672s] Level 5:colcon.colcon_core.verb:set package 'dump_truck_controller' build argument 'cmake_args' from command line to 'None'
[1.672s] Level 5:colcon.colcon_core.verb:set package 'dump_truck_controller' build argument 'cmake_target' from command line to 'None'
[1.672s] Level 5:colcon.colcon_core.verb:set package 'dump_truck_controller' build argument 'cmake_target_skip_unavailable' from command line to 'False'
[1.672s] Level 5:colcon.colcon_core.verb:set package 'dump_truck_controller' build argument 'cmake_clean_cache' from command line to 'False'
[1.672s] Level 5:colcon.colcon_core.verb:set package 'dump_truck_controller' build argument 'cmake_clean_first' from command line to 'False'
[1.673s] Level 5:colcon.colcon_core.verb:set package 'dump_truck_controller' build argument 'cmake_force_configure' from command line to 'False'
[1.673s] Level 5:colcon.colcon_core.verb:set package 'dump_truck_controller' build argument 'ament_cmake_args' from command line to 'None'
[1.673s] Level 5:colcon.colcon_core.verb:set package 'dump_truck_controller' build argument 'catkin_cmake_args' from command line to 'None'
[1.673s] Level 5:colcon.colcon_core.verb:set package 'dump_truck_controller' build argument 'catkin_skip_building_tests' from command line to 'False'
[1.673s] DEBUG:colcon.colcon_core.verb:Building package 'dump_truck_controller' with the following arguments: {'ament_cmake_args': None, 'build_base': '/home/etruck/etruck/ws/build/dump_truck_controller', 'catkin_cmake_args': None, 'catkin_skip_building_tests': False, 'cmake_args': None, 'cmake_clean_cache': False, 'cmake_clean_first': False, 'cmake_force_configure': False, 'cmake_target': None, 'cmake_target_skip_unavailable': False, 'install_base': '/home/etruck/etruck/ws/install/dump_truck_controller', 'merge_install': False, 'path': '/home/etruck/etruck/ws/src/dump_truck_controller', 'symlink_install': False, 'test_result_base': None}
[1.674s] INFO:colcon.colcon_core.executor:Executing jobs using 'parallel' executor
[1.677s] DEBUG:colcon.colcon_parallel_executor.executor.parallel:run_until_complete
[1.678s] INFO:colcon.colcon_ros.task.ament_python.build:Building ROS package in '/home/etruck/etruck/ws/src/dump_truck_controller' with build type 'ament_python'
[1.679s] Level 1:colcon.colcon_core.shell:create_environment_hook('dump_truck_controller', 'ament_prefix_path')
[1.688s] INFO:colcon.colcon_core.plugin_system:Skipping extension 'colcon_core.shell.bat': Not used on non-Windows systems
[1.689s] INFO:colcon.colcon_core.shell:Creating environment hook '/home/etruck/etruck/ws/install/dump_truck_controller/share/dump_truck_controller/hook/ament_prefix_path.ps1'
[1.691s] INFO:colcon.colcon_core.shell:Creating environment descriptor '/home/etruck/etruck/ws/install/dump_truck_controller/share/dump_truck_controller/hook/ament_prefix_path.dsv'
[1.694s] INFO:colcon.colcon_core.shell:Creating environment hook '/home/etruck/etruck/ws/install/dump_truck_controller/share/dump_truck_controller/hook/ament_prefix_path.sh'
[1.699s] INFO:colcon.colcon_core.shell:Skip shell extension 'powershell' for command environment: Not usable outside of PowerShell
[1.699s] DEBUG:colcon.colcon_core.shell:Skip shell extension 'dsv' for command environment
[2.907s] INFO:colcon.colcon_core.task.python.build:Building Python package in '/home/etruck/etruck/ws/src/dump_truck_controller'
[2.908s] INFO:colcon.colcon_core.shell:Skip shell extension 'powershell' for command environment: Not usable outside of PowerShell
[2.908s] DEBUG:colcon.colcon_core.shell:Skip shell extension 'dsv' for command environment
[4.435s] DEBUG:colcon.colcon_core.event_handler.log_command:Invoking command in '/home/etruck/etruck/ws/src/dump_truck_controller': PYTHONPATH=/home/etruck/etruck/ws/build/dump_truck_controller/prefix_override:/usr/lib/python3/dist-packages/colcon_core/task/python/colcon_distutils_commands:/home/etruck/etruck/ws/install/dump_truck_controller/lib/python3.10/site-packages:${PYTHONPATH} /usr/bin/python3 -W ignore:setup.py install is deprecated -W ignore:easy_install command is deprecated setup.py egg_info --egg-base ../../build/dump_truck_controller build --build-base /home/etruck/etruck/ws/build/dump_truck_controller/build install --record /home/etruck/etruck/ws/build/dump_truck_controller/install.log --single-version-externally-managed install_data
[5.787s] DEBUG:colcon.colcon_core.event_handler.log_command:Invoked command in '/home/etruck/etruck/ws/src/dump_truck_controller' returned '0': PYTHONPATH=/home/etruck/etruck/ws/build/dump_truck_controller/prefix_override:/usr/lib/python3/dist-packages/colcon_core/task/python/colcon_distutils_commands:/home/etruck/etruck/ws/install/dump_truck_controller/lib/python3.10/site-packages:${PYTHONPATH} /usr/bin/python3 -W ignore:setup.py install is deprecated -W ignore:easy_install command is deprecated setup.py egg_info --egg-base ../../build/dump_truck_controller build --build-base /home/etruck/etruck/ws/build/dump_truck_controller/build install --record /home/etruck/etruck/ws/build/dump_truck_controller/install.log --single-version-externally-managed install_data
[5.799s] Level 1:colcon.colcon_core.environment:checking '/home/etruck/etruck/ws/install/dump_truck_controller' for CMake module files
[5.802s] Level 1:colcon.colcon_core.environment:checking '/home/etruck/etruck/ws/install/dump_truck_controller' for CMake config files
[5.807s] Level 1:colcon.colcon_core.environment:checking '/home/etruck/etruck/ws/install/dump_truck_controller/lib'
[5.808s] Level 1:colcon.colcon_core.environment:checking '/home/etruck/etruck/ws/install/dump_truck_controller/bin'
[5.808s] Level 1:colcon.colcon_core.environment:checking '/home/etruck/etruck/ws/install/dump_truck_controller/lib/pkgconfig/dump_truck_controller.pc'
[5.809s] Level 1:colcon.colcon_core.environment:checking '/home/etruck/etruck/ws/install/dump_truck_controller/lib/python3.10/site-packages'
[5.809s] Level 1:colcon.colcon_core.shell:create_environment_hook('dump_truck_controller', 'pythonpath')
[5.810s] INFO:colcon.colcon_core.shell:Creating environment hook '/home/etruck/etruck/ws/install/dump_truck_controller/share/dump_truck_controller/hook/pythonpath.ps1'
[5.812s] INFO:colcon.colcon_core.shell:Creating environment descriptor '/home/etruck/etruck/ws/install/dump_truck_controller/share/dump_truck_controller/hook/pythonpath.dsv'
[5.814s] INFO:colcon.colcon_core.shell:Creating environment hook '/home/etruck/etruck/ws/install/dump_truck_controller/share/dump_truck_controller/hook/pythonpath.sh'
[5.817s] Level 1:colcon.colcon_core.environment:checking '/home/etruck/etruck/ws/install/dump_truck_controller/bin'
[5.817s] Level 1:colcon.colcon_core.environment:create_environment_scripts_only(dump_truck_controller)
[5.818s] INFO:colcon.colcon_core.shell:Creating package script '/home/etruck/etruck/ws/install/dump_truck_controller/share/dump_truck_controller/package.ps1'
[5.822s] INFO:colcon.colcon_core.shell:Creating package descriptor '/home/etruck/etruck/ws/install/dump_truck_controller/share/dump_truck_controller/package.dsv'
[5.825s] INFO:colcon.colcon_core.shell:Creating package script '/home/etruck/etruck/ws/install/dump_truck_controller/share/dump_truck_controller/package.sh'
[5.828s] INFO:colcon.colcon_core.shell:Creating package script '/home/etruck/etruck/ws/install/dump_truck_controller/share/dump_truck_controller/package.bash'
[5.831s] INFO:colcon.colcon_core.shell:Creating package script '/home/etruck/etruck/ws/install/dump_truck_controller/share/dump_truck_controller/package.zsh'
[5.834s] Level 1:colcon.colcon_core.environment:create_file_with_runtime_dependencies(/home/etruck/etruck/ws/install/dump_truck_controller/share/colcon-core/packages/dump_truck_controller)
[5.836s] DEBUG:colcon.colcon_parallel_executor.executor.parallel:closing loop
[5.838s] DEBUG:colcon.colcon_parallel_executor.executor.parallel:loop closed
[5.838s] DEBUG:colcon.colcon_parallel_executor.executor.parallel:run_until_complete finished with '0'
[5.839s] DEBUG:colcon.colcon_core.event_reactor:joining thread
[5.861s] INFO:colcon.colcon_core.plugin_system:Skipping extension 'colcon_notification.desktop_notification.terminal_notifier': Not used on non-Darwin systems
[5.861s] INFO:colcon.colcon_core.plugin_system:Skipping extension 'colcon_notification.desktop_notification.win32': Not used on non-Windows systems
[5.862s] INFO:colcon.colcon_notification.desktop_notification:Sending desktop notification using 'notify2'
[5.922s] DEBUG:colcon.colcon_core.event_reactor:joined thread
[5.924s] INFO:colcon.colcon_core.shell:Creating prefix script '/home/etruck/etruck/ws/install/local_setup.ps1'
[5.930s] INFO:colcon.colcon_core.shell:Creating prefix util module '/home/etruck/etruck/ws/install/_local_setup_util_ps1.py'
[5.939s] INFO:colcon.colcon_core.shell:Creating prefix chain script '/home/etruck/etruck/ws/install/setup.ps1'
[5.946s] INFO:colcon.colcon_core.shell:Creating prefix script '/home/etruck/etruck/ws/install/local_setup.sh'
[5.951s] INFO:colcon.colcon_core.shell:Creating prefix util module '/home/etruck/etruck/ws/install/_local_setup_util_sh.py'
[5.955s] INFO:colcon.colcon_core.shell:Creating prefix chain script '/home/etruck/etruck/ws/install/setup.sh'
[5.961s] INFO:colcon.colcon_core.shell:Creating prefix script '/home/etruck/etruck/ws/install/local_setup.bash'
[5.963s] INFO:colcon.colcon_core.shell:Creating prefix chain script '/home/etruck/etruck/ws/install/setup.bash'
[5.968s] INFO:colcon.colcon_core.shell:Creating prefix script '/home/etruck/etruck/ws/install/local_setup.zsh'
[5.971s] INFO:colcon.colcon_core.shell:Creating prefix chain script '/home/etruck/etruck/ws/install/setup.zsh'
