[1.089s] DEBUG:colcon:Command line arguments: ['/usr/bin/colcon', 'build']
[1.090s] DEBUG:colcon:Parsed command line arguments: Namespace(log_base=None, log_level=None, verb_name='build', build_base='build', install_base='install', merge_install=False, symlink_install=False, test_result_base=None, continue_on_error=False, executor='parallel', parallel_workers=4, event_handlers=None, ignore_user_meta=False, metas=['./colcon.meta'], base_paths=['.'], packages_ignore=None, packages_ignore_regex=None, paths=None, packages_up_to=None, packages_up_to_regex=None, packages_above=None, packages_above_and_dependencies=None, packages_above_depth=None, packages_select_by_dep=None, packages_skip_by_dep=None, packages_skip_up_to=None, packages_select_build_failed=False, packages_skip_build_finished=False, packages_select_test_failures=False, packages_skip_test_passed=False, packages_select=None, packages_skip=None, packages_select_regex=None, packages_skip_regex=None, packages_start=None, packages_end=None, allow_overriding=[], cmake_args=None, cmake_target=None, cmake_target_skip_unavailable=False, cmake_clean_cache=False, cmake_clean_first=False, cmake_force_configure=False, ament_cmake_args=None, catkin_cmake_args=None, catkin_skip_building_tests=False, mixin_files=None, mixin=None, verb_parser=<colcon_mixin.mixin.mixin_argument.MixinArgumentDecorator object at 0xffff91fbd120>, verb_extension=<colcon_core.verb.build.BuildVerb object at 0xffff920e20b0>, main=<bound method BuildVerb.main of <colcon_core.verb.build.BuildVerb object at 0xffff920e20b0>>, mixin_verb=('build',))
[2.044s] Level 1:colcon.colcon_core.package_discovery:discover_packages(colcon_meta) check parameters
[2.045s] Level 1:colcon.colcon_core.package_discovery:discover_packages(recursive) check parameters
[2.045s] Level 1:colcon.colcon_core.package_discovery:discover_packages(ignore) check parameters
[2.045s] Level 1:colcon.colcon_core.package_discovery:discover_packages(path) check parameters
[2.045s] Level 1:colcon.colcon_core.package_discovery:discover_packages(colcon_meta) discover
[2.046s] Level 1:colcon.colcon_core.package_discovery:discover_packages(recursive) discover
[2.046s] INFO:colcon.colcon_core.package_discovery:Crawling recursively for packages in '/home/etruck/etruck/ws'
[2.046s] Level 1:colcon.colcon_core.package_identification:_identify(.) by extensions ['ignore', 'ignore_ament_install']
[2.047s] Level 1:colcon.colcon_core.package_identification:_identify(.) by extension 'ignore'
[2.047s] Level 1:colcon.colcon_core.package_identification:_identify(.) by extension 'ignore_ament_install'
[2.047s] Level 1:colcon.colcon_core.package_identification:_identify(.) by extensions ['colcon_pkg']
[2.047s] Level 1:colcon.colcon_core.package_identification:_identify(.) by extension 'colcon_pkg'
[2.048s] Level 1:colcon.colcon_core.package_identification:_identify(.) by extensions ['colcon_meta']
[2.048s] Level 1:colcon.colcon_core.package_identification:_identify(.) by extension 'colcon_meta'
[2.048s] Level 1:colcon.colcon_core.package_identification:_identify(.) by extensions ['ros']
[2.048s] Level 1:colcon.colcon_core.package_identification:_identify(.) by extension 'ros'
[2.116s] Level 1:colcon.colcon_core.package_identification:_identify(.) by extensions ['cmake', 'python']
[2.116s] Level 1:colcon.colcon_core.package_identification:_identify(.) by extension 'cmake'
[2.116s] Level 1:colcon.colcon_core.package_identification:_identify(.) by extension 'python'
[2.117s] Level 1:colcon.colcon_core.package_identification:_identify(.) by extensions ['python_setup_py']
[2.117s] Level 1:colcon.colcon_core.package_identification:_identify(.) by extension 'python_setup_py'
[2.117s] Level 1:colcon.colcon_core.package_identification:_identify(arduino) by extensions ['ignore', 'ignore_ament_install']
[2.118s] Level 1:colcon.colcon_core.package_identification:_identify(arduino) by extension 'ignore'
[2.118s] Level 1:colcon.colcon_core.package_identification:_identify(arduino) by extension 'ignore_ament_install'
[2.118s] Level 1:colcon.colcon_core.package_identification:_identify(arduino) by extensions ['colcon_pkg']
[2.118s] Level 1:colcon.colcon_core.package_identification:_identify(arduino) by extension 'colcon_pkg'
[2.119s] Level 1:colcon.colcon_core.package_identification:_identify(arduino) by extensions ['colcon_meta']
[2.119s] Level 1:colcon.colcon_core.package_identification:_identify(arduino) by extension 'colcon_meta'
[2.119s] Level 1:colcon.colcon_core.package_identification:_identify(arduino) by extensions ['ros']
[2.119s] Level 1:colcon.colcon_core.package_identification:_identify(arduino) by extension 'ros'
[2.119s] Level 1:colcon.colcon_core.package_identification:_identify(arduino) by extensions ['cmake', 'python']
[2.119s] Level 1:colcon.colcon_core.package_identification:_identify(arduino) by extension 'cmake'
[2.120s] Level 1:colcon.colcon_core.package_identification:_identify(arduino) by extension 'python'
[2.120s] Level 1:colcon.colcon_core.package_identification:_identify(arduino) by extensions ['python_setup_py']
[2.120s] Level 1:colcon.colcon_core.package_identification:_identify(arduino) by extension 'python_setup_py'
[2.120s] Level 1:colcon.colcon_core.package_identification:_identify(arduino/arduino) by extensions ['ignore', 'ignore_ament_install']
[2.121s] Level 1:colcon.colcon_core.package_identification:_identify(arduino/arduino) by extension 'ignore'
[2.121s] Level 1:colcon.colcon_core.package_identification:_identify(arduino/arduino) by extension 'ignore_ament_install'
[2.121s] Level 1:colcon.colcon_core.package_identification:_identify(arduino/arduino) by extensions ['colcon_pkg']
[2.121s] Level 1:colcon.colcon_core.package_identification:_identify(arduino/arduino) by extension 'colcon_pkg'
[2.121s] Level 1:colcon.colcon_core.package_identification:_identify(arduino/arduino) by extensions ['colcon_meta']
[2.121s] Level 1:colcon.colcon_core.package_identification:_identify(arduino/arduino) by extension 'colcon_meta'
[2.122s] Level 1:colcon.colcon_core.package_identification:_identify(arduino/arduino) by extensions ['ros']
[2.122s] Level 1:colcon.colcon_core.package_identification:_identify(arduino/arduino) by extension 'ros'
[2.122s] Level 1:colcon.colcon_core.package_identification:_identify(arduino/arduino) by extensions ['cmake', 'python']
[2.122s] Level 1:colcon.colcon_core.package_identification:_identify(arduino/arduino) by extension 'cmake'
[2.122s] Level 1:colcon.colcon_core.package_identification:_identify(arduino/arduino) by extension 'python'
[2.123s] Level 1:colcon.colcon_core.package_identification:_identify(arduino/arduino) by extensions ['python_setup_py']
[2.123s] Level 1:colcon.colcon_core.package_identification:_identify(arduino/arduino) by extension 'python_setup_py'
[2.123s] Level 1:colcon.colcon_core.package_identification:_identify(build) by extensions ['ignore', 'ignore_ament_install']
[2.123s] Level 1:colcon.colcon_core.package_identification:_identify(build) by extension 'ignore'
[2.124s] Level 1:colcon.colcon_core.package_identification:_identify(build) ignored
[2.124s] Level 1:colcon.colcon_core.package_identification:_identify(install) by extensions ['ignore', 'ignore_ament_install']
[2.124s] Level 1:colcon.colcon_core.package_identification:_identify(install) by extension 'ignore'
[2.125s] Level 1:colcon.colcon_core.package_identification:_identify(install) ignored
[2.125s] Level 1:colcon.colcon_core.package_identification:_identify(log) by extensions ['ignore', 'ignore_ament_install']
[2.125s] Level 1:colcon.colcon_core.package_identification:_identify(log) by extension 'ignore'
[2.125s] Level 1:colcon.colcon_core.package_identification:_identify(log) ignored
[2.126s] Level 1:colcon.colcon_core.package_identification:_identify(src) by extensions ['ignore', 'ignore_ament_install']
[2.126s] Level 1:colcon.colcon_core.package_identification:_identify(src) by extension 'ignore'
[2.126s] Level 1:colcon.colcon_core.package_identification:_identify(src) by extension 'ignore_ament_install'
[2.126s] Level 1:colcon.colcon_core.package_identification:_identify(src) by extensions ['colcon_pkg']
[2.127s] Level 1:colcon.colcon_core.package_identification:_identify(src) by extension 'colcon_pkg'
[2.127s] Level 1:colcon.colcon_core.package_identification:_identify(src) by extensions ['colcon_meta']
[2.127s] Level 1:colcon.colcon_core.package_identification:_identify(src) by extension 'colcon_meta'
[2.127s] Level 1:colcon.colcon_core.package_identification:_identify(src) by extensions ['ros']
[2.127s] Level 1:colcon.colcon_core.package_identification:_identify(src) by extension 'ros'
[2.128s] Level 1:colcon.colcon_core.package_identification:_identify(src) by extensions ['cmake', 'python']
[2.128s] Level 1:colcon.colcon_core.package_identification:_identify(src) by extension 'cmake'
[2.128s] Level 1:colcon.colcon_core.package_identification:_identify(src) by extension 'python'
[2.128s] Level 1:colcon.colcon_core.package_identification:_identify(src) by extensions ['python_setup_py']
[2.128s] Level 1:colcon.colcon_core.package_identification:_identify(src) by extension 'python_setup_py'
[2.129s] Level 1:colcon.colcon_core.package_identification:_identify(src/subscriber) by extensions ['ignore', 'ignore_ament_install']
[2.129s] Level 1:colcon.colcon_core.package_identification:_identify(src/subscriber) by extension 'ignore'
[2.129s] Level 1:colcon.colcon_core.package_identification:_identify(src/subscriber) by extension 'ignore_ament_install'
[2.129s] Level 1:colcon.colcon_core.package_identification:_identify(src/subscriber) by extensions ['colcon_pkg']
[2.129s] Level 1:colcon.colcon_core.package_identification:_identify(src/subscriber) by extension 'colcon_pkg'
[2.130s] Level 1:colcon.colcon_core.package_identification:_identify(src/subscriber) by extensions ['colcon_meta']
[2.130s] Level 1:colcon.colcon_core.package_identification:_identify(src/subscriber) by extension 'colcon_meta'
[2.130s] Level 1:colcon.colcon_core.package_identification:_identify(src/subscriber) by extensions ['ros']
[2.130s] Level 1:colcon.colcon_core.package_identification:_identify(src/subscriber) by extension 'ros'
[2.141s] DEBUG:colcon.colcon_core.package_identification:Package 'src/subscriber' with type 'ros.ament_python' and name 'etruck'
[2.141s] Level 1:colcon.colcon_core.package_discovery:discover_packages(recursive) using defaults
[2.141s] Level 1:colcon.colcon_core.package_discovery:discover_packages(ignore) discover
[2.142s] Level 1:colcon.colcon_core.package_discovery:discover_packages(ignore) using defaults
[2.142s] Level 1:colcon.colcon_core.package_discovery:discover_packages(path) discover
[2.142s] Level 1:colcon.colcon_core.package_discovery:discover_packages(path) using defaults
[2.279s] Level 1:colcon.colcon_core.package_discovery:discover_packages(prefix_path) check parameters
[2.279s] Level 1:colcon.colcon_core.package_discovery:discover_packages(prefix_path) discover
[2.287s] Level 1:colcon.colcon_core.package_discovery:discover_packages(prefix_path) using defaults
[2.294s] Level 5:colcon.colcon_core.verb:set package 'etruck' build argument 'cmake_args' from command line to 'None'
[2.295s] Level 5:colcon.colcon_core.verb:set package 'etruck' build argument 'cmake_target' from command line to 'None'
[2.295s] Level 5:colcon.colcon_core.verb:set package 'etruck' build argument 'cmake_target_skip_unavailable' from command line to 'False'
[2.295s] Level 5:colcon.colcon_core.verb:set package 'etruck' build argument 'cmake_clean_cache' from command line to 'False'
[2.295s] Level 5:colcon.colcon_core.verb:set package 'etruck' build argument 'cmake_clean_first' from command line to 'False'
[2.295s] Level 5:colcon.colcon_core.verb:set package 'etruck' build argument 'cmake_force_configure' from command line to 'False'
[2.295s] Level 5:colcon.colcon_core.verb:set package 'etruck' build argument 'ament_cmake_args' from command line to 'None'
[2.295s] Level 5:colcon.colcon_core.verb:set package 'etruck' build argument 'catkin_cmake_args' from command line to 'None'
[2.295s] Level 5:colcon.colcon_core.verb:set package 'etruck' build argument 'catkin_skip_building_tests' from command line to 'False'
[2.296s] DEBUG:colcon.colcon_core.verb:Building package 'etruck' with the following arguments: {'ament_cmake_args': None, 'build_base': '/home/etruck/etruck/ws/build/etruck', 'catkin_cmake_args': None, 'catkin_skip_building_tests': False, 'cmake_args': None, 'cmake_clean_cache': False, 'cmake_clean_first': False, 'cmake_force_configure': False, 'cmake_target': None, 'cmake_target_skip_unavailable': False, 'install_base': '/home/etruck/etruck/ws/install/etruck', 'merge_install': False, 'path': '/home/etruck/etruck/ws/src/subscriber', 'symlink_install': False, 'test_result_base': None}
[2.296s] INFO:colcon.colcon_core.executor:Executing jobs using 'parallel' executor
[2.300s] DEBUG:colcon.colcon_parallel_executor.executor.parallel:run_until_complete
[2.301s] INFO:colcon.colcon_ros.task.ament_python.build:Building ROS package in '/home/etruck/etruck/ws/src/subscriber' with build type 'ament_python'
[2.301s] Level 1:colcon.colcon_core.shell:create_environment_hook('etruck', 'ament_prefix_path')
[2.324s] INFO:colcon.colcon_core.plugin_system:Skipping extension 'colcon_core.shell.bat': Not used on non-Windows systems
[2.326s] INFO:colcon.colcon_core.shell:Creating environment hook '/home/etruck/etruck/ws/install/etruck/share/etruck/hook/ament_prefix_path.ps1'
[2.332s] INFO:colcon.colcon_core.shell:Creating environment descriptor '/home/etruck/etruck/ws/install/etruck/share/etruck/hook/ament_prefix_path.dsv'
[2.336s] INFO:colcon.colcon_core.shell:Creating environment hook '/home/etruck/etruck/ws/install/etruck/share/etruck/hook/ament_prefix_path.sh'
[2.342s] INFO:colcon.colcon_core.shell:Skip shell extension 'powershell' for command environment: Not usable outside of PowerShell
[2.342s] DEBUG:colcon.colcon_core.shell:Skip shell extension 'dsv' for command environment
[3.330s] WARNING:colcon.colcon_ros.task.ament_python.build:Package 'etruck' doesn't explicitly install a marker in the package index (colcon-ros currently does it implicitly but that fallback will be removed in the future)
[3.331s] WARNING:colcon.colcon_ros.task.ament_python.build:Package 'etruck' doesn't explicitly install the 'package.xml' file (colcon-ros currently does it implicitly but that fallback will be removed in the future)
[3.332s] INFO:colcon.colcon_core.task.python.build:Building Python package in '/home/etruck/etruck/ws/src/subscriber'
[3.333s] INFO:colcon.colcon_core.shell:Skip shell extension 'powershell' for command environment: Not usable outside of PowerShell
[3.333s] DEBUG:colcon.colcon_core.shell:Skip shell extension 'dsv' for command environment
[4.794s] DEBUG:colcon.colcon_core.event_handler.log_command:Invoking command in '/home/etruck/etruck/ws/src/subscriber': PYTHONPATH=/home/etruck/etruck/ws/build/etruck/prefix_override:/usr/lib/python3/dist-packages/colcon_core/task/python/colcon_distutils_commands:/home/etruck/etruck/ws/install/etruck/lib/python3.10/site-packages: /usr/bin/python3 -W ignore:setup.py install is deprecated -W ignore:easy_install command is deprecated setup.py egg_info --egg-base ../../build/etruck build --build-base /home/etruck/etruck/ws/build/etruck/build install --record /home/etruck/etruck/ws/build/etruck/install.log --single-version-externally-managed install_data
[5.936s] DEBUG:colcon.colcon_core.event_handler.log_command:Invoked command in '/home/etruck/etruck/ws/src/subscriber' returned '0': PYTHONPATH=/home/etruck/etruck/ws/build/etruck/prefix_override:/usr/lib/python3/dist-packages/colcon_core/task/python/colcon_distutils_commands:/home/etruck/etruck/ws/install/etruck/lib/python3.10/site-packages: /usr/bin/python3 -W ignore:setup.py install is deprecated -W ignore:easy_install command is deprecated setup.py egg_info --egg-base ../../build/etruck build --build-base /home/etruck/etruck/ws/build/etruck/build install --record /home/etruck/etruck/ws/build/etruck/install.log --single-version-externally-managed install_data
[5.961s] Level 1:colcon.colcon_core.environment:checking '/home/etruck/etruck/ws/install/etruck' for CMake module files
[5.963s] Level 1:colcon.colcon_core.environment:checking '/home/etruck/etruck/ws/install/etruck' for CMake config files
[5.968s] Level 1:colcon.colcon_core.environment:checking '/home/etruck/etruck/ws/install/etruck/lib'
[5.970s] Level 1:colcon.colcon_core.environment:checking '/home/etruck/etruck/ws/install/etruck/bin'
[5.970s] Level 1:colcon.colcon_core.environment:checking '/home/etruck/etruck/ws/install/etruck/lib/pkgconfig/etruck.pc'
[5.971s] Level 1:colcon.colcon_core.environment:checking '/home/etruck/etruck/ws/install/etruck/lib/python3.10/site-packages'
[5.972s] Level 1:colcon.colcon_core.shell:create_environment_hook('etruck', 'pythonpath')
[5.973s] INFO:colcon.colcon_core.shell:Creating environment hook '/home/etruck/etruck/ws/install/etruck/share/etruck/hook/pythonpath.ps1'
[5.974s] INFO:colcon.colcon_core.shell:Creating environment descriptor '/home/etruck/etruck/ws/install/etruck/share/etruck/hook/pythonpath.dsv'
[5.976s] INFO:colcon.colcon_core.shell:Creating environment hook '/home/etruck/etruck/ws/install/etruck/share/etruck/hook/pythonpath.sh'
[5.978s] Level 1:colcon.colcon_core.environment:checking '/home/etruck/etruck/ws/install/etruck/bin'
[5.979s] Level 1:colcon.colcon_core.environment:create_environment_scripts_only(etruck)
[5.980s] INFO:colcon.colcon_core.shell:Creating package script '/home/etruck/etruck/ws/install/etruck/share/etruck/package.ps1'
[5.984s] INFO:colcon.colcon_core.shell:Creating package descriptor '/home/etruck/etruck/ws/install/etruck/share/etruck/package.dsv'
[5.987s] INFO:colcon.colcon_core.shell:Creating package script '/home/etruck/etruck/ws/install/etruck/share/etruck/package.sh'
[5.991s] INFO:colcon.colcon_core.shell:Creating package script '/home/etruck/etruck/ws/install/etruck/share/etruck/package.bash'
[5.995s] INFO:colcon.colcon_core.shell:Creating package script '/home/etruck/etruck/ws/install/etruck/share/etruck/package.zsh'
[5.999s] Level 1:colcon.colcon_core.environment:create_file_with_runtime_dependencies(/home/etruck/etruck/ws/install/etruck/share/colcon-core/packages/etruck)
[6.001s] DEBUG:colcon.colcon_parallel_executor.executor.parallel:closing loop
[6.002s] DEBUG:colcon.colcon_parallel_executor.executor.parallel:loop closed
[6.003s] DEBUG:colcon.colcon_parallel_executor.executor.parallel:run_until_complete finished with '0'
[6.003s] DEBUG:colcon.colcon_core.event_reactor:joining thread
[6.052s] INFO:colcon.colcon_core.plugin_system:Skipping extension 'colcon_notification.desktop_notification.terminal_notifier': Not used on non-Darwin systems
[6.052s] INFO:colcon.colcon_core.plugin_system:Skipping extension 'colcon_notification.desktop_notification.win32': Not used on non-Windows systems
[6.053s] INFO:colcon.colcon_notification.desktop_notification:Sending desktop notification using 'notify2'
[6.233s] DEBUG:colcon.colcon_core.event_reactor:joined thread
[6.235s] INFO:colcon.colcon_core.shell:Creating prefix script '/home/etruck/etruck/ws/install/local_setup.ps1'
[6.242s] INFO:colcon.colcon_core.shell:Creating prefix util module '/home/etruck/etruck/ws/install/_local_setup_util_ps1.py'
[6.251s] INFO:colcon.colcon_core.shell:Creating prefix chain script '/home/etruck/etruck/ws/install/setup.ps1'
[6.259s] INFO:colcon.colcon_core.shell:Creating prefix script '/home/etruck/etruck/ws/install/local_setup.sh'
[6.263s] INFO:colcon.colcon_core.shell:Creating prefix util module '/home/etruck/etruck/ws/install/_local_setup_util_sh.py'
[6.267s] INFO:colcon.colcon_core.shell:Creating prefix chain script '/home/etruck/etruck/ws/install/setup.sh'
[6.273s] INFO:colcon.colcon_core.shell:Creating prefix script '/home/etruck/etruck/ws/install/local_setup.bash'
[6.281s] INFO:colcon.colcon_core.shell:Creating prefix chain script '/home/etruck/etruck/ws/install/setup.bash'
[6.287s] INFO:colcon.colcon_core.shell:Creating prefix script '/home/etruck/etruck/ws/install/local_setup.zsh'
[6.291s] INFO:colcon.colcon_core.shell:Creating prefix chain script '/home/etruck/etruck/ws/install/setup.zsh'
