[2.743s] Invoking command in '/home/etruck/etruck/ws/src/dump_truck_controller': PYTHONPATH=/home/etruck/etruck/ws/build/dump_truck_controller/prefix_override:/usr/lib/python3/dist-packages/colcon_core/task/python/colcon_distutils_commands:/home/etruck/etruck/ws/install/dump_truck_controller/lib/python3.10/site-packages:${PYTHONPATH} /usr/bin/python3 -W ignore:setup.py install is deprecated -W ignore:easy_install command is deprecated setup.py egg_info --egg-base ../../build/dump_truck_controller build --build-base /home/etruck/etruck/ws/build/dump_truck_controller/build install --record /home/etruck/etruck/ws/build/dump_truck_controller/install.log --single-version-externally-managed install_data
[3.853s] running egg_info
[3.856s] writing ../../build/dump_truck_controller/dump_truck_controller.egg-info/PKG-INFO
[3.857s] writing dependency_links to ../../build/dump_truck_controller/dump_truck_controller.egg-info/dependency_links.txt
[3.858s] writing entry points to ../../build/dump_truck_controller/dump_truck_controller.egg-info/entry_points.txt
[3.859s] writing requirements to ../../build/dump_truck_controller/dump_truck_controller.egg-info/requires.txt
[3.859s] writing top-level names to ../../build/dump_truck_controller/dump_truck_controller.egg-info/top_level.txt
[3.868s] reading manifest file '../../build/dump_truck_controller/dump_truck_controller.egg-info/SOURCES.txt'
[3.872s] writing manifest file '../../build/dump_truck_controller/dump_truck_controller.egg-info/SOURCES.txt'
[3.872s] running build
[3.873s] running build_py
[3.874s] running install
[3.875s] running install_lib
[3.881s] running install_data
[3.881s] running install_egg_info
[3.892s] removing '/home/etruck/etruck/ws/install/dump_truck_controller/lib/python3.10/site-packages/dump_truck_controller-0.0.0-py3.10.egg-info' (and everything under it)
[3.894s] Copying ../../build/dump_truck_controller/dump_truck_controller.egg-info to /home/etruck/etruck/ws/install/dump_truck_controller/lib/python3.10/site-packages/dump_truck_controller-0.0.0-py3.10.egg-info
[3.899s] running install_scripts
[3.976s] Installing controller script to /home/etruck/etruck/ws/install/dump_truck_controller/lib/dump_truck_controller
[3.978s] writing list of installed files to '/home/etruck/etruck/ws/build/dump_truck_controller/install.log'
[4.097s] Invoked command in '/home/etruck/etruck/ws/src/dump_truck_controller' returned '0': PYTHONPATH=/home/etruck/etruck/ws/build/dump_truck_controller/prefix_override:/usr/lib/python3/dist-packages/colcon_core/task/python/colcon_distutils_commands:/home/etruck/etruck/ws/install/dump_truck_controller/lib/python3.10/site-packages:${PYTHONPATH} /usr/bin/python3 -W ignore:setup.py install is deprecated -W ignore:easy_install command is deprecated setup.py egg_info --egg-base ../../build/dump_truck_controller build --build-base /home/etruck/etruck/ws/build/dump_truck_controller/build install --record /home/etruck/etruck/ws/build/dump_truck_controller/install.log --single-version-externally-managed install_data
