[3.128s] Invoking command in '/home/etruck/etruck/ws/src/dump_truck_controller': PYTHONPATH=/home/etruck/etruck/ws/build/dump_truck_controller/prefix_override:/usr/lib/python3/dist-packages/colcon_core/task/python/colcon_distutils_commands:/home/etruck/etruck/ws/install/dump_truck_controller/lib/python3.10/site-packages:${PYTHONPATH} /usr/bin/python3 -W ignore:setup.py install is deprecated -W ignore:easy_install command is deprecated setup.py egg_info --egg-base ../../build/dump_truck_controller build --build-base /home/etruck/etruck/ws/build/dump_truck_controller/build install --record /home/etruck/etruck/ws/build/dump_truck_controller/install.log --single-version-externally-managed install_data
[4.507s] running egg_info
[4.510s] writing ../../build/dump_truck_controller/dump_truck_controller.egg-info/PKG-INFO
[4.511s] writing dependency_links to ../../build/dump_truck_controller/dump_truck_controller.egg-info/dependency_links.txt
[4.512s] writing entry points to ../../build/dump_truck_controller/dump_truck_controller.egg-info/entry_points.txt
[4.513s] writing requirements to ../../build/dump_truck_controller/dump_truck_controller.egg-info/requires.txt
[4.514s] writing top-level names to ../../build/dump_truck_controller/dump_truck_controller.egg-info/top_level.txt
[4.524s] reading manifest file '../../build/dump_truck_controller/dump_truck_controller.egg-info/SOURCES.txt'
[4.529s] writing manifest file '../../build/dump_truck_controller/dump_truck_controller.egg-info/SOURCES.txt'
[4.530s] running build
[4.531s] running build_py
[4.531s] copying dump_truck_controller/controller.py -> /home/etruck/etruck/ws/build/dump_truck_controller/build/lib/dump_truck_controller
[4.533s] running install
[4.535s] running install_lib
[4.539s] copying /home/etruck/etruck/ws/build/dump_truck_controller/build/lib/dump_truck_controller/controller.py -> /home/etruck/etruck/ws/install/dump_truck_controller/lib/python3.10/site-packages/dump_truck_controller
[4.542s] byte-compiling /home/etruck/etruck/ws/install/dump_truck_controller/lib/python3.10/site-packages/dump_truck_controller/controller.py to controller.cpython-310.pyc
[4.556s] running install_data
[4.557s] running install_egg_info
[4.569s] removing '/home/etruck/etruck/ws/install/dump_truck_controller/lib/python3.10/site-packages/dump_truck_controller-0.0.0-py3.10.egg-info' (and everything under it)
[4.571s] Copying ../../build/dump_truck_controller/dump_truck_controller.egg-info to /home/etruck/etruck/ws/install/dump_truck_controller/lib/python3.10/site-packages/dump_truck_controller-0.0.0-py3.10.egg-info
[4.578s] running install_scripts
[4.667s] Installing controller script to /home/etruck/etruck/ws/install/dump_truck_controller/lib/dump_truck_controller
[4.669s] writing list of installed files to '/home/etruck/etruck/ws/build/dump_truck_controller/install.log'
[4.813s] Invoked command in '/home/etruck/etruck/ws/src/dump_truck_controller' returned '0': PYTHONPATH=/home/etruck/etruck/ws/build/dump_truck_controller/prefix_override:/usr/lib/python3/dist-packages/colcon_core/task/python/colcon_distutils_commands:/home/etruck/etruck/ws/install/dump_truck_controller/lib/python3.10/site-packages:${PYTHONPATH} /usr/bin/python3 -W ignore:setup.py install is deprecated -W ignore:easy_install command is deprecated setup.py egg_info --egg-base ../../build/dump_truck_controller build --build-base /home/etruck/etruck/ws/build/dump_truck_controller/build install --record /home/etruck/etruck/ws/build/dump_truck_controller/install.log --single-version-externally-managed install_data
