running egg_info
creating ../../build/dump_truck_controller/dump_truck_controller.egg-info
writing ../../build/dump_truck_controller/dump_truck_controller.egg-info/PKG-INFO
writing dependency_links to ../../build/dump_truck_controller/dump_truck_controller.egg-info/dependency_links.txt
writing entry points to ../../build/dump_truck_controller/dump_truck_controller.egg-info/entry_points.txt
writing requirements to ../../build/dump_truck_controller/dump_truck_controller.egg-info/requires.txt
writing top-level names to ../../build/dump_truck_controller/dump_truck_controller.egg-info/top_level.txt
writing manifest file '../../build/dump_truck_controller/dump_truck_controller.egg-info/SOURCES.txt'
reading manifest file '../../build/dump_truck_controller/dump_truck_controller.egg-info/SOURCES.txt'
writing manifest file '../../build/dump_truck_controller/dump_truck_controller.egg-info/SOURCES.txt'
running build
running build_py
creating /home/etruck/etruck/ws/build/dump_truck_controller/build
creating /home/etruck/etruck/ws/build/dump_truck_controller/build/lib
creating /home/etruck/etruck/ws/build/dump_truck_controller/build/lib/dump_truck_controller
copying dump_truck_controller/controller.py -> /home/etruck/etruck/ws/build/dump_truck_controller/build/lib/dump_truck_controller
copying dump_truck_controller/__init__.py -> /home/etruck/etruck/ws/build/dump_truck_controller/build/lib/dump_truck_controller
running install
running install_lib
creating /home/etruck/etruck/ws/install/dump_truck_controller/lib/python3.10/site-packages/dump_truck_controller
copying /home/etruck/etruck/ws/build/dump_truck_controller/build/lib/dump_truck_controller/controller.py -> /home/etruck/etruck/ws/install/dump_truck_controller/lib/python3.10/site-packages/dump_truck_controller
copying /home/etruck/etruck/ws/build/dump_truck_controller/build/lib/dump_truck_controller/__init__.py -> /home/etruck/etruck/ws/install/dump_truck_controller/lib/python3.10/site-packages/dump_truck_controller
byte-compiling /home/etruck/etruck/ws/install/dump_truck_controller/lib/python3.10/site-packages/dump_truck_controller/controller.py to controller.cpython-310.pyc
byte-compiling /home/etruck/etruck/ws/install/dump_truck_controller/lib/python3.10/site-packages/dump_truck_controller/__init__.py to __init__.cpython-310.pyc
running install_data
creating /home/etruck/etruck/ws/install/dump_truck_controller/share/ament_index
creating /home/etruck/etruck/ws/install/dump_truck_controller/share/ament_index/resource_index
creating /home/etruck/etruck/ws/install/dump_truck_controller/share/ament_index/resource_index/packages
copying resource/dump_truck_controller -> /home/etruck/etruck/ws/install/dump_truck_controller/share/ament_index/resource_index/packages
copying package.xml -> /home/etruck/etruck/ws/install/dump_truck_controller/share/dump_truck_controller
running install_egg_info
Copying ../../build/dump_truck_controller/dump_truck_controller.egg-info to /home/etruck/etruck/ws/install/dump_truck_controller/lib/python3.10/site-packages/dump_truck_controller-0.0.0-py3.10.egg-info
running install_scripts
Installing controller script to /home/etruck/etruck/ws/install/dump_truck_controller/lib/dump_truck_controller
writing list of installed files to '/home/etruck/etruck/ws/build/dump_truck_controller/install.log'
