[2.275s] Invoking command in '/home/etruck/etruck/ws/src/dump_truck_controller': PYTHONPATH=/home/etruck/etruck/ws/build/dump_truck_controller/prefix_override:/usr/lib/python3/dist-packages/colcon_core/task/python/colcon_distutils_commands:/home/etruck/etruck/ws/install/dump_truck_controller/lib/python3.10/site-packages: /usr/bin/python3 -W ignore:setup.py install is deprecated -W ignore:easy_install command is deprecated setup.py egg_info --egg-base ../../build/dump_truck_controller build --build-base /home/etruck/etruck/ws/build/dump_truck_controller/build install --record /home/etruck/etruck/ws/build/dump_truck_controller/install.log --single-version-externally-managed install_data
[3.106s] running egg_info
[3.108s] creating ../../build/dump_truck_controller/dump_truck_controller.egg-info
[3.109s] writing ../../build/dump_truck_controller/dump_truck_controller.egg-info/PKG-INFO
[3.110s] writing dependency_links to ../../build/dump_truck_controller/dump_truck_controller.egg-info/dependency_links.txt
[3.110s] writing entry points to ../../build/dump_truck_controller/dump_truck_controller.egg-info/entry_points.txt
[3.111s] writing requirements to ../../build/dump_truck_controller/dump_truck_controller.egg-info/requires.txt
[3.111s] writing top-level names to ../../build/dump_truck_controller/dump_truck_controller.egg-info/top_level.txt
[3.112s] writing manifest file '../../build/dump_truck_controller/dump_truck_controller.egg-info/SOURCES.txt'
[3.118s] reading manifest file '../../build/dump_truck_controller/dump_truck_controller.egg-info/SOURCES.txt'
[3.122s] writing manifest file '../../build/dump_truck_controller/dump_truck_controller.egg-info/SOURCES.txt'
[3.123s] running build
[3.123s] running build_py
[3.124s] creating /home/etruck/etruck/ws/build/dump_truck_controller/build
[3.124s] creating /home/etruck/etruck/ws/build/dump_truck_controller/build/lib
[3.125s] creating /home/etruck/etruck/ws/build/dump_truck_controller/build/lib/dump_truck_controller
[3.125s] copying dump_truck_controller/controller.py -> /home/etruck/etruck/ws/build/dump_truck_controller/build/lib/dump_truck_controller
[3.125s] copying dump_truck_controller/__init__.py -> /home/etruck/etruck/ws/build/dump_truck_controller/build/lib/dump_truck_controller
[3.126s] running install
[3.127s] running install_lib
[3.130s] creating /home/etruck/etruck/ws/install/dump_truck_controller/lib/python3.10/site-packages/dump_truck_controller
[3.131s] copying /home/etruck/etruck/ws/build/dump_truck_controller/build/lib/dump_truck_controller/controller.py -> /home/etruck/etruck/ws/install/dump_truck_controller/lib/python3.10/site-packages/dump_truck_controller
[3.131s] copying /home/etruck/etruck/ws/build/dump_truck_controller/build/lib/dump_truck_controller/__init__.py -> /home/etruck/etruck/ws/install/dump_truck_controller/lib/python3.10/site-packages/dump_truck_controller
[3.134s] byte-compiling /home/etruck/etruck/ws/install/dump_truck_controller/lib/python3.10/site-packages/dump_truck_controller/controller.py to controller.cpython-310.pyc
[3.145s] byte-compiling /home/etruck/etruck/ws/install/dump_truck_controller/lib/python3.10/site-packages/dump_truck_controller/__init__.py to __init__.cpython-310.pyc
[3.146s] running install_data
[3.147s] creating /home/etruck/etruck/ws/install/dump_truck_controller/share/ament_index
[3.147s] creating /home/etruck/etruck/ws/install/dump_truck_controller/share/ament_index/resource_index
[3.148s] creating /home/etruck/etruck/ws/install/dump_truck_controller/share/ament_index/resource_index/packages
[3.148s] copying resource/dump_truck_controller -> /home/etruck/etruck/ws/install/dump_truck_controller/share/ament_index/resource_index/packages
[3.149s] copying package.xml -> /home/etruck/etruck/ws/install/dump_truck_controller/share/dump_truck_controller
[3.149s] running install_egg_info
[3.155s] Copying ../../build/dump_truck_controller/dump_truck_controller.egg-info to /home/etruck/etruck/ws/install/dump_truck_controller/lib/python3.10/site-packages/dump_truck_controller-0.0.0-py3.10.egg-info
[3.161s] running install_scripts
[3.236s] Installing controller script to /home/etruck/etruck/ws/install/dump_truck_controller/lib/dump_truck_controller
[3.237s] writing list of installed files to '/home/etruck/etruck/ws/build/dump_truck_controller/install.log'
[3.346s] Invoked command in '/home/etruck/etruck/ws/src/dump_truck_controller' returned '0': PYTHONPATH=/home/etruck/etruck/ws/build/dump_truck_controller/prefix_override:/usr/lib/python3/dist-packages/colcon_core/task/python/colcon_distutils_commands:/home/etruck/etruck/ws/install/dump_truck_controller/lib/python3.10/site-packages: /usr/bin/python3 -W ignore:setup.py install is deprecated -W ignore:easy_install command is deprecated setup.py egg_info --egg-base ../../build/dump_truck_controller build --build-base /home/etruck/etruck/ws/build/dump_truck_controller/build install --record /home/etruck/etruck/ws/build/dump_truck_controller/install.log --single-version-externally-managed install_data
