[2.752s] Invoking command in '/home/etruck/etruck/ws/src/dump_truck_controller': PYTHONPATH=/home/etruck/etruck/ws/build/dump_truck_controller/prefix_override:/usr/lib/python3/dist-packages/colcon_core/task/python/colcon_distutils_commands:/home/etruck/etruck/ws/install/dump_truck_controller/lib/python3.10/site-packages:${PYTHONPATH} /usr/bin/python3 -W ignore:setup.py install is deprecated -W ignore:easy_install command is deprecated setup.py egg_info --egg-base ../../build/dump_truck_controller build --build-base /home/etruck/etruck/ws/build/dump_truck_controller/build install --record /home/etruck/etruck/ws/build/dump_truck_controller/install.log --single-version-externally-managed install_data
[3.854s] running egg_info
[3.857s] writing ../../build/dump_truck_controller/dump_truck_controller.egg-info/PKG-INFO
[3.858s] writing dependency_links to ../../build/dump_truck_controller/dump_truck_controller.egg-info/dependency_links.txt
[3.859s] writing entry points to ../../build/dump_truck_controller/dump_truck_controller.egg-info/entry_points.txt
[3.860s] writing requirements to ../../build/dump_truck_controller/dump_truck_controller.egg-info/requires.txt
[3.860s] writing top-level names to ../../build/dump_truck_controller/dump_truck_controller.egg-info/top_level.txt
[3.869s] reading manifest file '../../build/dump_truck_controller/dump_truck_controller.egg-info/SOURCES.txt'
[3.873s] writing manifest file '../../build/dump_truck_controller/dump_truck_controller.egg-info/SOURCES.txt'
[3.873s] running build
[3.874s] running build_py
[3.874s] copying dump_truck_controller/controller.py -> /home/etruck/etruck/ws/build/dump_truck_controller/build/lib/dump_truck_controller
[3.876s] running install
[3.877s] running install_lib
[3.881s] copying /home/etruck/etruck/ws/build/dump_truck_controller/build/lib/dump_truck_controller/controller.py -> /home/etruck/etruck/ws/install/dump_truck_controller/lib/python3.10/site-packages/dump_truck_controller
[3.883s] byte-compiling /home/etruck/etruck/ws/install/dump_truck_controller/lib/python3.10/site-packages/dump_truck_controller/controller.py to controller.cpython-310.pyc
[3.900s] running install_data
[3.900s] running install_egg_info
[3.907s] removing '/home/etruck/etruck/ws/install/dump_truck_controller/lib/python3.10/site-packages/dump_truck_controller-0.0.0-py3.10.egg-info' (and everything under it)
[3.908s] Copying ../../build/dump_truck_controller/dump_truck_controller.egg-info to /home/etruck/etruck/ws/install/dump_truck_controller/lib/python3.10/site-packages/dump_truck_controller-0.0.0-py3.10.egg-info
[3.914s] running install_scripts
[3.990s] Installing controller script to /home/etruck/etruck/ws/install/dump_truck_controller/lib/dump_truck_controller
[3.991s] writing list of installed files to '/home/etruck/etruck/ws/build/dump_truck_controller/install.log'
[4.107s] Invoked command in '/home/etruck/etruck/ws/src/dump_truck_controller' returned '0': PYTHONPATH=/home/etruck/etruck/ws/build/dump_truck_controller/prefix_override:/usr/lib/python3/dist-packages/colcon_core/task/python/colcon_distutils_commands:/home/etruck/etruck/ws/install/dump_truck_controller/lib/python3.10/site-packages:${PYTHONPATH} /usr/bin/python3 -W ignore:setup.py install is deprecated -W ignore:easy_install command is deprecated setup.py egg_info --egg-base ../../build/dump_truck_controller build --build-base /home/etruck/etruck/ws/build/dump_truck_controller/build install --record /home/etruck/etruck/ws/build/dump_truck_controller/install.log --single-version-externally-managed install_data
