[0.531s] DEBUG:colcon:Command line arguments: ['/usr/bin/colcon', 'build', '--packages-select', 'dump_truck_controller']
[0.532s] DEBUG:colcon:Parsed command line arguments: Namespace(log_base=None, log_level=None, verb_name='build', build_base='build', install_base='install', merge_install=False, symlink_install=False, test_result_base=None, continue_on_error=False, executor='parallel', parallel_workers=4, event_handlers=None, ignore_user_meta=False, metas=['./colcon.meta'], base_paths=['.'], packages_ignore=None, packages_ignore_regex=None, paths=None, packages_up_to=None, packages_up_to_regex=None, packages_above=None, packages_above_and_dependencies=None, packages_above_depth=None, packages_select_by_dep=None, packages_skip_by_dep=None, packages_skip_up_to=None, packages_select_build_failed=False, packages_skip_build_finished=False, packages_select_test_failures=False, packages_skip_test_passed=False, packages_select=['dump_truck_controller'], packages_skip=None, packages_select_regex=None, packages_skip_regex=None, packages_start=None, packages_end=None, allow_overriding=[], cmake_args=None, cmake_target=None, cmake_target_skip_unavailable=False, cmake_clean_cache=False, cmake_clean_first=False, cmake_force_configure=False, ament_cmake_args=None, catkin_cmake_args=None, catkin_skip_building_tests=False, mixin_files=None, mixin=None, verb_parser=<colcon_mixin.mixin.mixin_argument.MixinArgumentDecorator object at 0xffff969b5ba0>, verb_extension=<colcon_core.verb.build.BuildVerb object at 0xffff96b5eb30>, main=<bound method BuildVerb.main of <colcon_core.verb.build.BuildVerb object at 0xffff96b5eb30>>, mixin_verb=('build',))
[1.644s] Level 1:colcon.colcon_core.package_discovery:discover_packages(colcon_meta) check parameters
[1.644s] Level 1:colcon.colcon_core.package_discovery:discover_packages(recursive) check parameters
[1.645s] Level 1:colcon.colcon_core.package_discovery:discover_packages(ignore) check parameters
[1.645s] Level 1:colcon.colcon_core.package_discovery:discover_packages(path) check parameters
[1.645s] Level 1:colcon.colcon_core.package_discovery:discover_packages(colcon_meta) discover
[1.645s] Level 1:colcon.colcon_core.package_discovery:discover_packages(recursive) discover
[1.645s] INFO:colcon.colcon_core.package_discovery:Crawling recursively for packages in '/home/etruck/etruck/ws'
[1.646s] Level 1:colcon.colcon_core.package_identification:_identify(.) by extensions ['ignore', 'ignore_ament_install']
[1.646s] Level 1:colcon.colcon_core.package_identification:_identify(.) by extension 'ignore'
[1.646s] Level 1:colcon.colcon_core.package_identification:_identify(.) by extension 'ignore_ament_install'
[1.647s] Level 1:colcon.colcon_core.package_identification:_identify(.) by extensions ['colcon_pkg']
[1.647s] Level 1:colcon.colcon_core.package_identification:_identify(.) by extension 'colcon_pkg'
[1.647s] Level 1:colcon.colcon_core.package_identification:_identify(.) by extensions ['colcon_meta']
[1.647s] Level 1:colcon.colcon_core.package_identification:_identify(.) by extension 'colcon_meta'
[1.647s] Level 1:colcon.colcon_core.package_identification:_identify(.) by extensions ['ros']
[1.648s] Level 1:colcon.colcon_core.package_identification:_identify(.) by extension 'ros'
[1.702s] Level 1:colcon.colcon_core.package_identification:_identify(.) by extensions ['cmake', 'python']
[1.703s] Level 1:colcon.colcon_core.package_identification:_identify(.) by extension 'cmake'
[1.703s] Level 1:colcon.colcon_core.package_identification:_identify(.) by extension 'python'
[1.703s] Level 1:colcon.colcon_core.package_identification:_identify(.) by extensions ['python_setup_py']
[1.703s] Level 1:colcon.colcon_core.package_identification:_identify(.) by extension 'python_setup_py'
[1.704s] Level 1:colcon.colcon_core.package_identification:_identify(arduino) by extensions ['ignore', 'ignore_ament_install']
[1.705s] Level 1:colcon.colcon_core.package_identification:_identify(arduino) by extension 'ignore'
[1.705s] Level 1:colcon.colcon_core.package_identification:_identify(arduino) by extension 'ignore_ament_install'
[1.705s] Level 1:colcon.colcon_core.package_identification:_identify(arduino) by extensions ['colcon_pkg']
[1.705s] Level 1:colcon.colcon_core.package_identification:_identify(arduino) by extension 'colcon_pkg'
[1.705s] Level 1:colcon.colcon_core.package_identification:_identify(arduino) by extensions ['colcon_meta']
[1.706s] Level 1:colcon.colcon_core.package_identification:_identify(arduino) by extension 'colcon_meta'
[1.706s] Level 1:colcon.colcon_core.package_identification:_identify(arduino) by extensions ['ros']
[1.706s] Level 1:colcon.colcon_core.package_identification:_identify(arduino) by extension 'ros'
[1.706s] Level 1:colcon.colcon_core.package_identification:_identify(arduino) by extensions ['cmake', 'python']
[1.706s] Level 1:colcon.colcon_core.package_identification:_identify(arduino) by extension 'cmake'
[1.707s] Level 1:colcon.colcon_core.package_identification:_identify(arduino) by extension 'python'
[1.707s] Level 1:colcon.colcon_core.package_identification:_identify(arduino) by extensions ['python_setup_py']
[1.707s] Level 1:colcon.colcon_core.package_identification:_identify(arduino) by extension 'python_setup_py'
[1.708s] Level 1:colcon.colcon_core.package_identification:_identify(arduino/arduino) by extensions ['ignore', 'ignore_ament_install']
[1.708s] Level 1:colcon.colcon_core.package_identification:_identify(arduino/arduino) by extension 'ignore'
[1.708s] Level 1:colcon.colcon_core.package_identification:_identify(arduino/arduino) by extension 'ignore_ament_install'
[1.709s] Level 1:colcon.colcon_core.package_identification:_identify(arduino/arduino) by extensions ['colcon_pkg']
[1.709s] Level 1:colcon.colcon_core.package_identification:_identify(arduino/arduino) by extension 'colcon_pkg'
[1.709s] Level 1:colcon.colcon_core.package_identification:_identify(arduino/arduino) by extensions ['colcon_meta']
[1.709s] Level 1:colcon.colcon_core.package_identification:_identify(arduino/arduino) by extension 'colcon_meta'
[1.709s] Level 1:colcon.colcon_core.package_identification:_identify(arduino/arduino) by extensions ['ros']
[1.709s] Level 1:colcon.colcon_core.package_identification:_identify(arduino/arduino) by extension 'ros'
[1.710s] Level 1:colcon.colcon_core.package_identification:_identify(arduino/arduino) by extensions ['cmake', 'python']
[1.710s] Level 1:colcon.colcon_core.package_identification:_identify(arduino/arduino) by extension 'cmake'
[1.710s] Level 1:colcon.colcon_core.package_identification:_identify(arduino/arduino) by extension 'python'
[1.710s] Level 1:colcon.colcon_core.package_identification:_identify(arduino/arduino) by extensions ['python_setup_py']
[1.710s] Level 1:colcon.colcon_core.package_identification:_identify(arduino/arduino) by extension 'python_setup_py'
[1.711s] Level 1:colcon.colcon_core.package_identification:_identify(build) by extensions ['ignore', 'ignore_ament_install']
[1.712s] Level 1:colcon.colcon_core.package_identification:_identify(build) by extension 'ignore'
[1.712s] Level 1:colcon.colcon_core.package_identification:_identify(build) ignored
[1.713s] Level 1:colcon.colcon_core.package_identification:_identify(install) by extensions ['ignore', 'ignore_ament_install']
[1.714s] Level 1:colcon.colcon_core.package_identification:_identify(install) by extension 'ignore'
[1.714s] Level 1:colcon.colcon_core.package_identification:_identify(install) ignored
[1.720s] Level 1:colcon.colcon_core.package_identification:_identify(log) by extensions ['ignore', 'ignore_ament_install']
[1.721s] Level 1:colcon.colcon_core.package_identification:_identify(log) by extension 'ignore'
[1.721s] Level 1:colcon.colcon_core.package_identification:_identify(log) ignored
[1.722s] Level 1:colcon.colcon_core.package_identification:_identify(src) by extensions ['ignore', 'ignore_ament_install']
[1.723s] Level 1:colcon.colcon_core.package_identification:_identify(src) by extension 'ignore'
[1.723s] Level 1:colcon.colcon_core.package_identification:_identify(src) by extension 'ignore_ament_install'
[1.723s] Level 1:colcon.colcon_core.package_identification:_identify(src) by extensions ['colcon_pkg']
[1.724s] Level 1:colcon.colcon_core.package_identification:_identify(src) by extension 'colcon_pkg'
[1.724s] Level 1:colcon.colcon_core.package_identification:_identify(src) by extensions ['colcon_meta']
[1.724s] Level 1:colcon.colcon_core.package_identification:_identify(src) by extension 'colcon_meta'
[1.724s] Level 1:colcon.colcon_core.package_identification:_identify(src) by extensions ['ros']
[1.724s] Level 1:colcon.colcon_core.package_identification:_identify(src) by extension 'ros'
[1.725s] Level 1:colcon.colcon_core.package_identification:_identify(src) by extensions ['cmake', 'python']
[1.725s] Level 1:colcon.colcon_core.package_identification:_identify(src) by extension 'cmake'
[1.725s] Level 1:colcon.colcon_core.package_identification:_identify(src) by extension 'python'
[1.726s] Level 1:colcon.colcon_core.package_identification:_identify(src) by extensions ['python_setup_py']
[1.726s] Level 1:colcon.colcon_core.package_identification:_identify(src) by extension 'python_setup_py'
[1.727s] Level 1:colcon.colcon_core.package_identification:_identify(src/dump_truck_controller) by extensions ['ignore', 'ignore_ament_install']
[1.727s] Level 1:colcon.colcon_core.package_identification:_identify(src/dump_truck_controller) by extension 'ignore'
[1.728s] Level 1:colcon.colcon_core.package_identification:_identify(src/dump_truck_controller) by extension 'ignore_ament_install'
[1.728s] Level 1:colcon.colcon_core.package_identification:_identify(src/dump_truck_controller) by extensions ['colcon_pkg']
[1.729s] Level 1:colcon.colcon_core.package_identification:_identify(src/dump_truck_controller) by extension 'colcon_pkg'
[1.729s] Level 1:colcon.colcon_core.package_identification:_identify(src/dump_truck_controller) by extensions ['colcon_meta']
[1.729s] Level 1:colcon.colcon_core.package_identification:_identify(src/dump_truck_controller) by extension 'colcon_meta'
[1.730s] Level 1:colcon.colcon_core.package_identification:_identify(src/dump_truck_controller) by extensions ['ros']
[1.730s] Level 1:colcon.colcon_core.package_identification:_identify(src/dump_truck_controller) by extension 'ros'
[1.742s] DEBUG:colcon.colcon_core.package_identification:Package 'src/dump_truck_controller' with type 'ros.ament_python' and name 'dump_truck_controller'
[1.744s] Level 1:colcon.colcon_core.package_identification:_identify(src/subscriber) by extensions ['ignore', 'ignore_ament_install']
[1.744s] Level 1:colcon.colcon_core.package_identification:_identify(src/subscriber) by extension 'ignore'
[1.744s] Level 1:colcon.colcon_core.package_identification:_identify(src/subscriber) by extension 'ignore_ament_install'
[1.744s] Level 1:colcon.colcon_core.package_identification:_identify(src/subscriber) by extensions ['colcon_pkg']
[1.745s] Level 1:colcon.colcon_core.package_identification:_identify(src/subscriber) by extension 'colcon_pkg'
[1.745s] Level 1:colcon.colcon_core.package_identification:_identify(src/subscriber) by extensions ['colcon_meta']
[1.745s] Level 1:colcon.colcon_core.package_identification:_identify(src/subscriber) by extension 'colcon_meta'
[1.745s] Level 1:colcon.colcon_core.package_identification:_identify(src/subscriber) by extensions ['ros']
[1.745s] Level 1:colcon.colcon_core.package_identification:_identify(src/subscriber) by extension 'ros'
[1.747s] DEBUG:colcon.colcon_core.package_identification:Package 'src/subscriber' with type 'ros.ament_python' and name 'etruck'
[1.748s] Level 1:colcon.colcon_core.package_discovery:discover_packages(recursive) using defaults
[1.748s] Level 1:colcon.colcon_core.package_discovery:discover_packages(ignore) discover
[1.748s] Level 1:colcon.colcon_core.package_discovery:discover_packages(ignore) using defaults
[1.748s] Level 1:colcon.colcon_core.package_discovery:discover_packages(path) discover
[1.748s] Level 1:colcon.colcon_core.package_discovery:discover_packages(path) using defaults
[1.871s] INFO:colcon.colcon_core.package_selection:Skipping not selected package 'etruck' in 'src/subscriber'
[1.873s] Level 1:colcon.colcon_core.package_discovery:discover_packages(prefix_path) check parameters
[1.873s] Level 1:colcon.colcon_core.package_discovery:discover_packages(prefix_path) discover
[1.884s] DEBUG:colcon.colcon_installed_package_information.package_discovery:Found 2 installed packages in /home/etruck/etruck/ws/install
[1.895s] DEBUG:colcon.colcon_installed_package_information.package_discovery:Found 272 installed packages in /opt/ros/humble
[1.902s] Level 1:colcon.colcon_core.package_discovery:discover_packages(prefix_path) using defaults
[2.075s] Level 5:colcon.colcon_core.verb:set package 'dump_truck_controller' build argument 'cmake_args' from command line to 'None'
[2.075s] Level 5:colcon.colcon_core.verb:set package 'dump_truck_controller' build argument 'cmake_target' from command line to 'None'
[2.076s] Level 5:colcon.colcon_core.verb:set package 'dump_truck_controller' build argument 'cmake_target_skip_unavailable' from command line to 'False'
[2.076s] Level 5:colcon.colcon_core.verb:set package 'dump_truck_controller' build argument 'cmake_clean_cache' from command line to 'False'
[2.076s] Level 5:colcon.colcon_core.verb:set package 'dump_truck_controller' build argument 'cmake_clean_first' from command line to 'False'
[2.076s] Level 5:colcon.colcon_core.verb:set package 'dump_truck_controller' build argument 'cmake_force_configure' from command line to 'False'
[2.076s] Level 5:colcon.colcon_core.verb:set package 'dump_truck_controller' build argument 'ament_cmake_args' from command line to 'None'
[2.076s] Level 5:colcon.colcon_core.verb:set package 'dump_truck_controller' build argument 'catkin_cmake_args' from command line to 'None'
[2.076s] Level 5:colcon.colcon_core.verb:set package 'dump_truck_controller' build argument 'catkin_skip_building_tests' from command line to 'False'
[2.076s] DEBUG:colcon.colcon_core.verb:Building package 'dump_truck_controller' with the following arguments: {'ament_cmake_args': None, 'build_base': '/home/etruck/etruck/ws/build/dump_truck_controller', 'catkin_cmake_args': None, 'catkin_skip_building_tests': False, 'cmake_args': None, 'cmake_clean_cache': False, 'cmake_clean_first': False, 'cmake_force_configure': False, 'cmake_target': None, 'cmake_target_skip_unavailable': False, 'install_base': '/home/etruck/etruck/ws/install/dump_truck_controller', 'merge_install': False, 'path': '/home/etruck/etruck/ws/src/dump_truck_controller', 'symlink_install': False, 'test_result_base': None}
[2.077s] INFO:colcon.colcon_core.executor:Executing jobs using 'parallel' executor
[2.080s] DEBUG:colcon.colcon_parallel_executor.executor.parallel:run_until_complete
[2.081s] INFO:colcon.colcon_ros.task.ament_python.build:Building ROS package in '/home/etruck/etruck/ws/src/dump_truck_controller' with build type 'ament_python'
[2.081s] Level 1:colcon.colcon_core.shell:create_environment_hook('dump_truck_controller', 'ament_prefix_path')
[2.093s] INFO:colcon.colcon_core.plugin_system:Skipping extension 'colcon_core.shell.bat': Not used on non-Windows systems
[2.094s] INFO:colcon.colcon_core.shell:Creating environment hook '/home/etruck/etruck/ws/install/dump_truck_controller/share/dump_truck_controller/hook/ament_prefix_path.ps1'
[2.098s] INFO:colcon.colcon_core.shell:Creating environment descriptor '/home/etruck/etruck/ws/install/dump_truck_controller/share/dump_truck_controller/hook/ament_prefix_path.dsv'
[2.101s] INFO:colcon.colcon_core.shell:Creating environment hook '/home/etruck/etruck/ws/install/dump_truck_controller/share/dump_truck_controller/hook/ament_prefix_path.sh'
[2.107s] INFO:colcon.colcon_core.shell:Skip shell extension 'powershell' for command environment: Not usable outside of PowerShell
[2.108s] DEBUG:colcon.colcon_core.shell:Skip shell extension 'dsv' for command environment
[3.349s] INFO:colcon.colcon_core.task.python.build:Building Python package in '/home/etruck/etruck/ws/src/dump_truck_controller'
[3.350s] INFO:colcon.colcon_core.shell:Skip shell extension 'powershell' for command environment: Not usable outside of PowerShell
[3.350s] DEBUG:colcon.colcon_core.shell:Skip shell extension 'dsv' for command environment
[4.941s] DEBUG:colcon.colcon_core.event_handler.log_command:Invoking command in '/home/etruck/etruck/ws/src/dump_truck_controller': PYTHONPATH=/home/etruck/etruck/ws/build/dump_truck_controller/prefix_override:/usr/lib/python3/dist-packages/colcon_core/task/python/colcon_distutils_commands:/home/etruck/etruck/ws/install/dump_truck_controller/lib/python3.10/site-packages:${PYTHONPATH} /usr/bin/python3 -W ignore:setup.py install is deprecated -W ignore:easy_install command is deprecated setup.py egg_info --egg-base ../../build/dump_truck_controller build --build-base /home/etruck/etruck/ws/build/dump_truck_controller/build install --record /home/etruck/etruck/ws/build/dump_truck_controller/install.log --single-version-externally-managed install_data
[6.343s] DEBUG:colcon.colcon_core.event_handler.log_command:Invoked command in '/home/etruck/etruck/ws/src/dump_truck_controller' returned '0': PYTHONPATH=/home/etruck/etruck/ws/build/dump_truck_controller/prefix_override:/usr/lib/python3/dist-packages/colcon_core/task/python/colcon_distutils_commands:/home/etruck/etruck/ws/install/dump_truck_controller/lib/python3.10/site-packages:${PYTHONPATH} /usr/bin/python3 -W ignore:setup.py install is deprecated -W ignore:easy_install command is deprecated setup.py egg_info --egg-base ../../build/dump_truck_controller build --build-base /home/etruck/etruck/ws/build/dump_truck_controller/build install --record /home/etruck/etruck/ws/build/dump_truck_controller/install.log --single-version-externally-managed install_data
[6.358s] Level 1:colcon.colcon_core.environment:checking '/home/etruck/etruck/ws/install/dump_truck_controller' for CMake module files
[6.363s] Level 1:colcon.colcon_core.environment:checking '/home/etruck/etruck/ws/install/dump_truck_controller' for CMake config files
[6.370s] Level 1:colcon.colcon_core.environment:checking '/home/etruck/etruck/ws/install/dump_truck_controller/lib'
[6.371s] Level 1:colcon.colcon_core.environment:checking '/home/etruck/etruck/ws/install/dump_truck_controller/bin'
[6.371s] Level 1:colcon.colcon_core.environment:checking '/home/etruck/etruck/ws/install/dump_truck_controller/lib/pkgconfig/dump_truck_controller.pc'
[6.372s] Level 1:colcon.colcon_core.environment:checking '/home/etruck/etruck/ws/install/dump_truck_controller/lib/python3.10/site-packages'
[6.372s] Level 1:colcon.colcon_core.shell:create_environment_hook('dump_truck_controller', 'pythonpath')
[6.373s] INFO:colcon.colcon_core.shell:Creating environment hook '/home/etruck/etruck/ws/install/dump_truck_controller/share/dump_truck_controller/hook/pythonpath.ps1'
[6.375s] INFO:colcon.colcon_core.shell:Creating environment descriptor '/home/etruck/etruck/ws/install/dump_truck_controller/share/dump_truck_controller/hook/pythonpath.dsv'
[6.377s] INFO:colcon.colcon_core.shell:Creating environment hook '/home/etruck/etruck/ws/install/dump_truck_controller/share/dump_truck_controller/hook/pythonpath.sh'
[6.380s] Level 1:colcon.colcon_core.environment:checking '/home/etruck/etruck/ws/install/dump_truck_controller/bin'
[6.381s] Level 1:colcon.colcon_core.environment:create_environment_scripts_only(dump_truck_controller)
[6.382s] INFO:colcon.colcon_core.shell:Creating package script '/home/etruck/etruck/ws/install/dump_truck_controller/share/dump_truck_controller/package.ps1'
[6.386s] INFO:colcon.colcon_core.shell:Creating package descriptor '/home/etruck/etruck/ws/install/dump_truck_controller/share/dump_truck_controller/package.dsv'
[6.389s] INFO:colcon.colcon_core.shell:Creating package script '/home/etruck/etruck/ws/install/dump_truck_controller/share/dump_truck_controller/package.sh'
[6.392s] INFO:colcon.colcon_core.shell:Creating package script '/home/etruck/etruck/ws/install/dump_truck_controller/share/dump_truck_controller/package.bash'
[6.395s] INFO:colcon.colcon_core.shell:Creating package script '/home/etruck/etruck/ws/install/dump_truck_controller/share/dump_truck_controller/package.zsh'
[6.398s] Level 1:colcon.colcon_core.environment:create_file_with_runtime_dependencies(/home/etruck/etruck/ws/install/dump_truck_controller/share/colcon-core/packages/dump_truck_controller)
[6.400s] DEBUG:colcon.colcon_parallel_executor.executor.parallel:closing loop
[6.401s] DEBUG:colcon.colcon_parallel_executor.executor.parallel:loop closed
[6.402s] DEBUG:colcon.colcon_parallel_executor.executor.parallel:run_until_complete finished with '0'
[6.402s] DEBUG:colcon.colcon_core.event_reactor:joining thread
[6.426s] INFO:colcon.colcon_core.plugin_system:Skipping extension 'colcon_notification.desktop_notification.terminal_notifier': Not used on non-Darwin systems
[6.427s] INFO:colcon.colcon_core.plugin_system:Skipping extension 'colcon_notification.desktop_notification.win32': Not used on non-Windows systems
[6.427s] INFO:colcon.colcon_notification.desktop_notification:Sending desktop notification using 'notify2'
[6.490s] DEBUG:colcon.colcon_core.event_reactor:joined thread
[6.491s] INFO:colcon.colcon_core.shell:Creating prefix script '/home/etruck/etruck/ws/install/local_setup.ps1'
[6.494s] INFO:colcon.colcon_core.shell:Creating prefix util module '/home/etruck/etruck/ws/install/_local_setup_util_ps1.py'
[6.503s] INFO:colcon.colcon_core.shell:Creating prefix chain script '/home/etruck/etruck/ws/install/setup.ps1'
[6.509s] INFO:colcon.colcon_core.shell:Creating prefix script '/home/etruck/etruck/ws/install/local_setup.sh'
[6.513s] INFO:colcon.colcon_core.shell:Creating prefix util module '/home/etruck/etruck/ws/install/_local_setup_util_sh.py'
[6.515s] INFO:colcon.colcon_core.shell:Creating prefix chain script '/home/etruck/etruck/ws/install/setup.sh'
[6.520s] INFO:colcon.colcon_core.shell:Creating prefix script '/home/etruck/etruck/ws/install/local_setup.bash'
[6.522s] INFO:colcon.colcon_core.shell:Creating prefix chain script '/home/etruck/etruck/ws/install/setup.bash'
[6.527s] INFO:colcon.colcon_core.shell:Creating prefix script '/home/etruck/etruck/ws/install/local_setup.zsh'
[6.529s] INFO:colcon.colcon_core.shell:Creating prefix chain script '/home/etruck/etruck/ws/install/setup.zsh'
